TN:
SF:src/controllers/bid.controller.ts
FN:15,(anonymous_7)
FN:19,(anonymous_8)
FN:49,(anonymous_9)
FN:49,(anonymous_10)
FNF:4
FNH:2
FNDA:1,(anonymous_7)
FNDA:1,(anonymous_8)
FNDA:0,(anonymous_9)
FNDA:0,(anonymous_10)
DA:1,1
DA:2,1
DA:3,1
DA:4,1
DA:5,1
DA:6,1
DA:7,1
DA:8,1
DA:9,1
DA:10,1
DA:11,1
DA:13,1
DA:15,1
DA:19,1
DA:20,1
DA:21,1
DA:25,1
DA:26,1
DA:32,0
DA:33,0
DA:43,0
DA:49,1
DA:50,0
DA:51,0
DA:52,0
DA:53,0
DA:57,0
DA:58,0
DA:59,0
DA:66,0
DA:89,0
DA:90,0
DA:97,0
DA:98,0
DA:114,1
DA:119,1
LF:36
LH:21
BRDA:22,0,0,0
BRDA:22,0,1,1
BRDA:22,1,0,1
BRDA:22,1,1,1
BRDA:25,2,0,1
BRDA:51,3,0,0
BRDA:58,4,0,0
BRDA:89,5,0,0
BRDA:107,6,0,0
BRDA:107,6,1,0
BRDA:109,7,0,0
BRDA:109,7,1,0
BRF:12
BRH:4
end_of_record
TN:
SF:src/controllers/department.controller.ts
FN:20,(anonymous_7)
FN:24,(anonymous_8)
FN:37,(anonymous_9)
FN:37,(anonymous_10)
FN:58,(anonymous_11)
FN:58,(anonymous_12)
FN:73,(anonymous_13)
FN:73,(anonymous_14)
FN:84,(anonymous_15)
FN:84,(anonymous_16)
FNF:10
FNH:10
FNDA:2,(anonymous_7)
FNDA:2,(anonymous_8)
FNDA:1,(anonymous_9)
FNDA:1,(anonymous_10)
FNDA:3,(anonymous_11)
FNDA:3,(anonymous_12)
FNDA:2,(anonymous_13)
FNDA:2,(anonymous_14)
FNDA:4,(anonymous_15)
FNDA:4,(anonymous_16)
DA:2,1
DA:3,1
DA:4,1
DA:10,1
DA:11,1
DA:13,1
DA:14,1
DA:16,1
DA:17,1
DA:20,1
DA:24,2
DA:25,2
DA:26,2
DA:27,2
DA:28,2
DA:29,2
DA:30,2
DA:31,1
DA:37,1
DA:38,1
DA:39,1
DA:40,1
DA:41,1
DA:42,1
DA:43,1
DA:44,1
DA:47,1
DA:48,1
DA:51,1
DA:55,1
DA:58,3
DA:59,3
DA:60,3
DA:61,3
DA:64,3
DA:65,2
DA:66,2
DA:67,1
DA:73,2
DA:74,2
DA:75,2
DA:76,2
DA:77,2
DA:78,1
DA:84,4
DA:85,4
DA:86,4
DA:87,4
DA:90,4
DA:96,3
DA:100,1
DA:109,1
DA:110,1
DA:116,1
DA:118,1
DA:123,1
DA:128,1
DA:133,1
DA:138,1
LF:59
LH:59
BRDA:30,0,0,1
BRDA:38,1,0,0
BRDA:38,2,0,0
BRDA:41,3,0,1
BRDA:47,4,0,1
BRDA:64,5,0,1
BRDA:66,6,0,1
BRDA:77,7,0,1
BRDA:90,8,0,3
BRDA:91,9,0,4
BRDA:91,9,1,3
BRDA:91,9,2,3
BRDA:91,9,3,2
BRDA:109,10,0,0
BRF:14
BRH:11
end_of_record
TN:
SF:src/controllers/gig.controller.ts
FN:25,(anonymous_8)
FN:29,(anonymous_9)
FN:73,(anonymous_10)
FN:73,(anonymous_11)
FN:174,(anonymous_12)
FN:174,(anonymous_13)
FN:190,(anonymous_14)
FN:194,(anonymous_15)
FN:238,(anonymous_16)
FN:238,(anonymous_17)
FN:275,(anonymous_18)
FN:279,(anonymous_19)
FN:367,(anonymous_20)
FN:371,(anonymous_21)
FNF:14
FNH:12
FNDA:2,(anonymous_8)
FNDA:2,(anonymous_9)
FNDA:1,(anonymous_10)
FNDA:1,(anonymous_11)
FNDA:1,(anonymous_12)
FNDA:1,(anonymous_13)
FNDA:1,(anonymous_14)
FNDA:1,(anonymous_15)
FNDA:1,(anonymous_16)
FNDA:1,(anonymous_17)
FNDA:1,(anonymous_18)
FNDA:1,(anonymous_19)
FNDA:0,(anonymous_20)
FNDA:0,(anonymous_21)
DA:1,1
DA:2,1
DA:3,1
DA:4,1
DA:5,1
DA:6,1
DA:7,1
DA:8,1
DA:10,1
DA:11,1
DA:12,1
DA:13,1
DA:15,1
DA:16,1
DA:18,1
DA:19,1
DA:21,1
DA:23,1
DA:25,1
DA:29,2
DA:30,2
DA:31,2
DA:32,2
DA:34,2
DA:37,2
DA:39,2
DA:40,0
DA:47,2
DA:57,2
DA:59,2
DA:60,1
DA:67,1
DA:73,1
DA:80,1
DA:82,1
DA:83,1
DA:84,1
DA:85,1
DA:88,1
DA:90,1
DA:91,1
DA:94,1
DA:96,1
DA:97,0
DA:101,0
DA:106,1
DA:108,1
DA:155,1
DA:157,1
DA:158,1
DA:174,1
DA:175,1
DA:176,1
DA:177,1
DA:178,0
DA:184,1
DA:190,1
DA:194,1
DA:195,1
DA:197,1
DA:198,1
DA:199,1
DA:200,1
DA:211,1
DA:224,1
DA:230,0
DA:238,1
DA:239,1
DA:240,1
DA:242,1
DA:243,1
DA:244,1
DA:245,1
DA:246,1
DA:247,0
DA:251,0
DA:256,1
DA:261,1
DA:262,1
DA:267,0
DA:275,1
DA:279,1
DA:280,1
DA:288,1
DA:289,1
DA:290,1
DA:292,1
DA:293,1
DA:294,0
DA:302,1
DA:303,1
DA:304,1
DA:305,1
DA:307,1
DA:316,1
DA:317,1
DA:321,1
DA:328,1
DA:329,1
DA:330,0
DA:333,1
DA:346,1
DA:348,1
DA:361,1
DA:367,1
DA:371,0
DA:372,0
DA:373,0
DA:375,0
DA:380,0
DA:381,0
DA:382,0
DA:390,0
DA:402,0
DA:403,0
DA:404,0
DA:421,0
DA:434,0
DA:440,1
DA:445,1
DA:446,1
DA:447,1
DA:452,1
DA:453,1
DA:459,1
LF:125
LH:102
BRDA:30,0,0,0
BRDA:30,0,1,2
BRDA:30,1,0,2
BRDA:30,1,1,2
BRDA:39,2,0,0
BRDA:39,3,0,2
BRDA:39,3,1,2
BRDA:54,4,0,0
BRDA:54,4,1,2
BRDA:59,5,0,1
BRDA:78,6,0,0
BRDA:79,7,0,0
BRDA:84,8,0,1
BRDA:90,9,0,1
BRDA:96,10,0,0
BRDA:96,11,0,1
BRDA:96,11,1,0
BRDA:167,12,0,0
BRDA:167,12,1,1
BRDA:169,13,0,0
BRDA:169,13,1,1
BRDA:177,14,0,0
BRDA:199,15,0,1
BRDA:199,16,0,1
BRDA:199,16,1,1
BRDA:199,16,2,1
BRDA:239,17,0,1
BRDA:239,18,0,0
BRDA:239,19,0,0
BRDA:243,20,0,0
BRDA:243,20,1,1
BRDA:243,21,0,1
BRDA:243,21,1,1
BRDA:246,22,0,0
BRDA:246,23,0,1
BRDA:246,23,1,0
BRDA:261,24,0,1
BRDA:293,25,0,0
BRDA:303,26,0,1
BRDA:303,27,0,1
BRDA:303,27,1,1
BRDA:322,28,0,1
BRDA:322,28,1,0
BRDA:329,29,0,0
BRDA:341,30,0,0
BRDA:341,30,1,1
BRDA:381,31,0,0
BRDA:403,32,0,0
BRDA:409,33,0,0
BRDA:409,33,1,0
BRDA:409,34,0,0
BRDA:409,34,1,0
BRDA:409,35,0,0
BRDA:409,35,1,0
BRDA:410,36,0,0
BRDA:410,36,1,0
BRDA:410,37,0,0
BRDA:410,37,1,0
BRDA:410,38,0,0
BRDA:410,38,1,0
BRDA:412,39,0,0
BRDA:412,39,1,0
BRDA:412,40,0,0
BRDA:412,40,1,0
BRDA:413,41,0,0
BRDA:413,41,1,0
BRDA:414,42,0,0
BRDA:414,42,1,0
BRDA:414,43,0,0
BRDA:414,43,1,0
BRF:70
BRH:27
end_of_record
TN:
SF:src/controllers/login.controller.ts
FN:6,(anonymous_1)
FN:13,(anonymous_2)
FN:14,(anonymous_3)
FN:19,(anonymous_4)
FNF:4
FNH:3
FNDA:1,(anonymous_1)
FNDA:2,(anonymous_2)
FNDA:2,(anonymous_3)
FNDA:0,(anonymous_4)
DA:1,1
DA:2,1
DA:4,1
DA:6,1
DA:7,1
DA:13,1
DA:14,2
DA:15,2
DA:16,1
DA:19,1
DA:20,0
DA:23,1
DA:24,1
LF:13
LH:12
BRDA:15,0,0,1
BRF:1
BRH:1
end_of_record
TN:
SF:src/controllers/message.controller.ts
FN:8,(anonymous_7)
FN:8,(anonymous_8)
FNF:2
FNH:2
FNDA:2,(anonymous_7)
FNDA:2,(anonymous_8)
DA:1,1
DA:2,1
DA:3,1
DA:4,1
DA:6,1
DA:8,2
DA:9,2
DA:10,2
DA:14,2
DA:20,1
LF:10
LH:10
BRF:0
BRH:0
end_of_record
TN:
SF:src/controllers/notifications.controller.ts
FN:9,(anonymous_7)
FN:9,(anonymous_8)
FN:37,(anonymous_9)
FN:37,(anonymous_10)
FNF:4
FNH:4
FNDA:2,(anonymous_7)
FNDA:2,(anonymous_8)
FNDA:4,(anonymous_9)
FNDA:4,(anonymous_10)
DA:1,1
DA:2,1
DA:3,1
DA:4,1
DA:7,1
DA:9,2
DA:10,2
DA:11,2
DA:13,2
DA:14,2
DA:15,2
DA:24,2
DA:25,1
DA:31,1
DA:37,4
DA:38,4
DA:39,4
DA:42,4
DA:43,2
DA:49,2
DA:57,2
DA:58,1
DA:64,1
DA:72,1
DA:76,1
LF:25
LH:25
BRDA:10,0,0,0
BRDA:10,0,1,2
BRDA:10,1,0,2
BRDA:10,1,1,2
BRDA:10,2,0,0
BRDA:10,2,1,2
BRDA:10,3,0,2
BRDA:10,3,1,2
BRDA:11,4,0,2
BRDA:14,5,0,0
BRDA:24,6,0,1
BRDA:42,7,0,2
BRDA:42,8,0,4
BRDA:42,8,1,3
BRDA:57,9,0,1
BRF:15
BRH:12
end_of_record
TN:
SF:src/controllers/position.controller.ts
FN:20,(anonymous_8)
FN:24,(anonymous_9)
FN:40,(anonymous_10)
FN:40,(anonymous_11)
FN:119,(anonymous_12)
FN:119,(anonymous_13)
FN:134,(anonymous_14)
FN:134,(anonymous_15)
FNF:8
FNH:8
FNDA:3,(anonymous_8)
FNDA:3,(anonymous_9)
FNDA:1,(anonymous_10)
FNDA:1,(anonymous_11)
FNDA:3,(anonymous_12)
FNDA:3,(anonymous_13)
FNDA:2,(anonymous_14)
FNDA:2,(anonymous_15)
DA:2,1
DA:3,1
DA:4,1
DA:5,1
DA:10,1
DA:11,1
DA:12,1
DA:13,1
DA:14,1
DA:15,1
DA:16,1
DA:20,1
DA:24,3
DA:25,3
DA:26,3
DA:27,3
DA:28,3
DA:29,1
DA:31,2
DA:32,2
DA:33,2
DA:34,1
DA:40,1
DA:41,1
DA:42,1
DA:43,1
DA:45,1
DA:46,1
DA:47,1
DA:48,1
DA:50,1
DA:51,1
DA:54,1
DA:57,1
DA:58,1
DA:62,1
DA:68,1
DA:101,1
DA:103,1
DA:119,3
DA:120,3
DA:121,3
DA:122,3
DA:125,3
DA:126,2
DA:127,2
DA:128,1
DA:134,2
DA:135,2
DA:136,2
DA:137,2
DA:138,2
DA:139,1
DA:145,1
DA:147,1
DA:152,1
DA:153,1
DA:158,1
LF:58
LH:58
BRDA:25,0,0,3
BRDA:28,1,0,1
BRDA:33,2,0,1
BRDA:41,3,0,0
BRDA:45,4,0,1
BRDA:50,5,0,1
BRDA:57,6,0,1
BRDA:112,7,0,0
BRDA:112,7,1,1
BRDA:114,8,0,0
BRDA:114,8,1,1
BRDA:125,9,0,1
BRDA:127,10,0,1
BRDA:138,11,0,1
BRF:14
BRH:11
end_of_record
TN:
SF:src/controllers/user.controller.ts
FN:32,(anonymous_9)
FN:36,(anonymous_10)
FN:47,(anonymous_11)
FN:47,(anonymous_12)
FN:75,(anonymous_13)
FN:75,(anonymous_14)
FN:89,(anonymous_15)
FN:116,(anonymous_16)
FN:126,(anonymous_17)
FN:126,(anonymous_18)
FN:138,(anonymous_19)
FN:138,(anonymous_20)
FN:159,(anonymous_21)
FN:159,(anonymous_22)
FN:182,(anonymous_23)
FN:182,(anonymous_24)
FN:219,(anonymous_25)
FN:219,(anonymous_26)
FN:246,(anonymous_27)
FN:246,(anonymous_28)
FN:264,(anonymous_29)
FN:268,(anonymous_30)
FN:292,(anonymous_31)
FN:292,(anonymous_32)
FN:302,(anonymous_33)
FN:302,(anonymous_34)
FN:359,(anonymous_35)
FN:359,(anonymous_36)
FN:423,(anonymous_37)
FN:423,(anonymous_38)
FN:471,(anonymous_39)
FN:471,(anonymous_40)
FNF:32
FNH:32
FNDA:4,(anonymous_9)
FNDA:4,(anonymous_10)
FNDA:4,(anonymous_11)
FNDA:4,(anonymous_12)
FNDA:1,(anonymous_13)
FNDA:1,(anonymous_14)
FNDA:1,(anonymous_15)
FNDA:1,(anonymous_16)
FNDA:2,(anonymous_17)
FNDA:2,(anonymous_18)
FNDA:1,(anonymous_19)
FNDA:1,(anonymous_20)
FNDA:1,(anonymous_21)
FNDA:1,(anonymous_22)
FNDA:1,(anonymous_23)
FNDA:1,(anonymous_24)
FNDA:2,(anonymous_25)
FNDA:2,(anonymous_26)
FNDA:2,(anonymous_27)
FNDA:2,(anonymous_28)
FNDA:2,(anonymous_29)
FNDA:2,(anonymous_30)
FNDA:1,(anonymous_31)
FNDA:1,(anonymous_32)
FNDA:1,(anonymous_33)
FNDA:1,(anonymous_34)
FNDA:2,(anonymous_35)
FNDA:2,(anonymous_36)
FNDA:3,(anonymous_37)
FNDA:3,(anonymous_38)
FNDA:1,(anonymous_39)
FNDA:1,(anonymous_40)
DA:2,1
DA:4,1
DA:10,1
DA:11,1
DA:12,1
DA:13,1
DA:14,1
DA:15,1
DA:16,1
DA:17,1
DA:18,1
DA:19,1
DA:20,1
DA:21,1
DA:22,1
DA:23,1
DA:25,1
DA:32,1
DA:36,4
DA:37,4
DA:43,4
DA:45,4
DA:46,4
DA:47,4
DA:48,4
DA:49,4
DA:56,4
DA:60,4
DA:62,4
DA:66,4
DA:67,3
DA:74,1
DA:75,1
DA:76,1
DA:78,1
DA:83,1
DA:84,1
DA:85,1
DA:86,1
DA:88,1
DA:89,1
DA:90,1
DA:91,1
DA:95,1
DA:101,1
DA:112,1
DA:116,1
DA:117,1
DA:120,1
DA:126,2
DA:127,2
DA:128,2
DA:129,2
DA:130,1
DA:136,1
DA:137,1
DA:138,1
DA:139,1
DA:140,1
DA:141,1
DA:144,1
DA:153,1
DA:159,1
DA:160,1
DA:161,1
DA:162,1
DA:163,1
DA:164,1
DA:165,1
DA:166,1
DA:169,1
DA:171,1
DA:176,1
DA:182,1
DA:183,1
DA:184,1
DA:185,1
DA:186,1
DA:187,1
DA:188,1
DA:189,1
DA:192,1
DA:194,1
DA:213,1
DA:219,2
DA:220,2
DA:221,2
DA:222,2
DA:223,2
DA:224,1
DA:230,1
DA:231,1
DA:232,0
DA:238,1
DA:246,2
DA:247,2
DA:249,2
DA:250,2
DA:251,2
DA:252,1
DA:258,1
DA:264,1
DA:268,2
DA:269,2
DA:270,2
DA:271,1
DA:278,1
DA:279,1
DA:280,1
DA:284,1
DA:292,1
DA:293,1
DA:294,1
DA:295,1
DA:296,1
DA:302,1
DA:303,1
DA:304,1
DA:305,1
DA:321,1
DA:323,1
DA:346,1
DA:347,0
DA:353,1
DA:359,2
DA:360,2
DA:361,2
DA:362,2
DA:363,2
DA:365,2
DA:366,2
DA:367,1
DA:373,1
DA:374,0
DA:377,0
DA:379,1
DA:380,0
DA:383,0
DA:385,1
DA:386,0
DA:390,0
DA:398,1
DA:399,0
DA:400,0
DA:404,1
DA:405,1
DA:406,1
DA:411,0
DA:417,1
DA:423,3
DA:424,3
DA:425,3
DA:427,3
DA:430,3
DA:431,1
DA:438,2
DA:439,1
DA:446,1
DA:447,1
DA:448,1
DA:456,1
DA:463,1
DA:471,1
DA:472,1
DA:473,1
DA:475,1
DA:476,1
DA:481,1
DA:482,0
DA:488,1
DA:494,1
DA:496,1
DA:501,1
DA:506,1
DA:511,1
DA:516,1
DA:517,1
DA:522,1
DA:523,1
DA:528,1
DA:533,1
DA:534,1
DA:539,1
LF:183
LH:171
BRDA:62,0,0,3
BRDA:62,1,0,4
BRDA:62,1,1,3
BRDA:62,1,2,2
BRDA:66,2,0,3
BRDA:83,3,0,0
BRDA:88,4,0,1
BRDA:91,5,0,1
BRDA:91,6,0,1
BRDA:91,6,1,1
BRDA:129,7,0,1
BRDA:137,8,0,1
BRDA:140,9,0,0
BRDA:140,9,1,1
BRDA:140,10,0,1
BRDA:140,10,1,1
BRDA:141,11,0,1
BRDA:141,12,0,1
BRDA:141,12,1,1
BRDA:160,13,0,0
BRDA:160,14,0,0
BRDA:163,15,0,1
BRDA:169,16,0,0
BRDA:183,17,0,0
BRDA:183,18,0,0
BRDA:186,19,0,1
BRDA:192,20,0,1
BRDA:223,21,0,1
BRDA:231,22,0,0
BRDA:251,23,0,1
BRDA:270,24,0,1
BRDA:270,25,0,2
BRDA:270,25,1,1
BRDA:273,26,0,0
BRDA:273,26,1,1
BRDA:273,27,0,1
BRDA:273,27,1,1
BRDA:278,28,0,0
BRDA:293,29,0,0
BRDA:293,29,1,1
BRDA:293,30,0,1
BRDA:293,30,1,1
BRDA:295,31,0,0
BRDA:303,32,0,0
BRDA:303,32,1,1
BRDA:303,33,0,1
BRDA:303,33,1,1
BRDA:305,34,0,0
BRDA:307,35,0,0
BRDA:308,36,0,0
BRDA:309,37,0,1
BRDA:310,38,0,1
BRDA:311,39,0,1
BRDA:312,40,0,1
BRDA:313,41,0,1
BRDA:314,42,0,1
BRDA:315,43,0,1
BRDA:316,44,0,1
BRDA:317,45,0,1
BRDA:318,46,0,1
BRDA:319,47,0,1
BRDA:320,48,0,1
BRDA:324,49,0,0
BRDA:324,49,1,1
BRDA:324,50,0,1
BRDA:324,50,1,1
BRDA:327,51,0,1
BRDA:327,51,1,0
BRDA:328,52,0,1
BRDA:328,52,1,0
BRDA:329,53,0,1
BRDA:329,53,1,1
BRDA:330,54,0,1
BRDA:330,54,1,1
BRDA:331,55,0,1
BRDA:331,55,1,1
BRDA:332,56,0,1
BRDA:332,56,1,1
BRDA:333,57,0,1
BRDA:333,57,1,1
BRDA:334,58,0,1
BRDA:334,58,1,1
BRDA:335,59,0,1
BRDA:335,59,1,1
BRDA:336,60,0,1
BRDA:336,60,1,1
BRDA:337,61,0,1
BRDA:337,61,1,1
BRDA:338,62,0,1
BRDA:338,62,1,1
BRDA:340,63,0,1
BRDA:340,63,1,1
BRDA:341,64,0,1
BRDA:341,64,1,1
BRDA:346,65,0,0
BRDA:360,66,0,0
BRDA:360,67,0,0
BRDA:362,68,0,0
BRDA:362,68,1,2
BRDA:362,69,0,2
BRDA:362,69,1,2
BRDA:366,70,0,1
BRDA:373,71,0,0
BRDA:379,72,0,0
BRDA:385,73,0,0
BRDA:398,74,0,0
BRDA:398,74,1,1
BRDA:404,75,0,1
BRDA:404,75,1,0
BRDA:404,76,0,1
BRDA:404,76,1,0
BRDA:430,77,0,1
BRDA:438,78,0,1
BRDA:472,79,0,0
BRDA:472,79,1,1
BRDA:472,80,0,1
BRDA:472,80,1,1
BRDA:473,81,0,0
BRDA:481,82,0,0
BRF:119
BRH:87
end_of_record
TN:
SF:src/controllers/userVerify.controller.ts
FN:22,(anonymous_7)
FN:22,(anonymous_8)
FN:47,(anonymous_9)
FN:47,(anonymous_10)
FN:64,(anonymous_11)
FN:67,(anonymous_12)
FNF:6
FNH:6
FNDA:5,(anonymous_7)
FNDA:5,(anonymous_8)
FNDA:2,(anonymous_9)
FNDA:2,(anonymous_10)
FNDA:6,(anonymous_11)
FNDA:6,(anonymous_12)
DA:1,1
DA:2,1
DA:3,1
DA:8,1
DA:9,1
DA:10,1
DA:11,1
DA:12,1
DA:16,1
DA:17,1
DA:18,1
DA:20,1
DA:22,5
DA:23,5
DA:25,5
DA:26,5
DA:27,4
DA:29,4
DA:31,3
DA:32,3
DA:33,2
DA:37,2
DA:38,1
DA:39,1
DA:40,1
DA:41,1
DA:47,2
DA:48,2
DA:49,2
DA:51,2
DA:52,2
DA:54,1
DA:64,1
DA:67,6
DA:68,6
DA:69,6
DA:70,6
DA:71,6
DA:72,1
DA:73,5
DA:76,5
DA:77,4
DA:81,4
DA:82,3
DA:83,3
DA:84,2
DA:85,2
DA:90,2
DA:91,1
DA:92,1
DA:93,1
DA:94,1
DA:97,1
DA:102,1
DA:107,1
LF:55
LH:55
BRDA:26,0,0,1
BRDA:29,1,0,1
BRDA:32,2,0,1
BRDA:37,3,0,1
BRDA:52,4,0,1
BRDA:71,5,0,1
BRDA:76,6,0,1
BRDA:81,7,0,1
BRDA:83,8,0,1
BRDA:90,9,0,1
BRF:10
BRH:10
end_of_record
TN:
SF:src/controllers/util.controller.ts
FN:21,(anonymous_8)
FN:21,(anonymous_9)
FN:28,(anonymous_10)
FN:28,(anonymous_11)
FNF:4
FNH:4
FNDA:1,(anonymous_8)
FNDA:1,(anonymous_9)
FNDA:3,(anonymous_10)
FNDA:3,(anonymous_11)
DA:1,1
DA:2,1
DA:3,1
DA:4,1
DA:5,1
DA:6,1
DA:7,1
DA:8,1
DA:9,1
DA:10,1
DA:11,1
DA:13,1
DA:21,1
DA:22,1
DA:28,3
DA:29,3
DA:37,3
DA:39,3
DA:40,3
DA:41,3
DA:44,1
DA:50,2
DA:54,2
DA:60,2
DA:61,2
DA:62,1
DA:71,1
DA:79,1
DA:84,1
LF:29
LH:29
BRDA:37,0,0,0
BRDA:37,0,1,3
BRDA:37,1,0,3
BRDA:37,1,1,3
BRDA:40,2,0,3
BRDA:40,2,1,0
BRDA:41,3,0,1
BRDA:61,4,0,1
BRDA:61,4,1,1
BRF:9
BRH:7
end_of_record
TN:
SF:src/models/bid.model.ts
FNF:0
FNH:0
DA:1,1
DA:3,1
DA:5,1
DA:12,1
DA:14,1
LF:5
LH:5
BRF:0
BRH:0
end_of_record
TN:
SF:src/models/department.model.ts
FN:8,(anonymous_1)
FNF:1
FNH:1
FNDA:1,(anonymous_1)
DA:1,1
DA:2,1
DA:8,1
DA:9,1
DA:10,1
DA:11,1
DA:12,1
DA:13,1
DA:14,1
DA:15,1
DA:18,1
DA:33,1
DA:34,1
DA:36,1
LF:14
LH:14
BRDA:8,0,0,1
BRDA:8,0,1,1
BRF:2
BRH:2
end_of_record
TN:
SF:src/models/forgotPassword.model.ts
FNF:0
FNH:0
DA:1,1
DA:7,1
DA:18,1
LF:3
LH:3
BRF:0
BRH:0
end_of_record
TN:
SF:src/models/gig.model.ts
FN:6,(anonymous_1)
FN:12,(anonymous_2)
FNF:2
FNH:2
FNDA:2,(anonymous_1)
FNDA:2,(anonymous_2)
DA:1,2
DA:3,2
DA:4,2
DA:6,2
DA:7,2
DA:8,2
DA:9,2
DA:12,2
DA:13,2
DA:14,2
DA:15,2
DA:16,2
DA:19,2
DA:36,2
DA:72,2
DA:74,2
DA:76,2
LF:17
LH:17
BRDA:6,0,0,2
BRDA:6,0,1,2
BRDA:12,1,0,2
BRDA:12,1,1,2
BRF:4
BRH:4
end_of_record
TN:
SF:src/models/idCounter.model.ts
FN:4,(anonymous_0)
FNF:1
FNH:1
FNDA:10,(anonymous_0)
DA:1,10
DA:4,10
DA:5,10
DA:6,10
DA:7,10
DA:8,10
DA:9,10
DA:10,10
DA:11,10
DA:12,10
DA:13,10
DA:16,10
DA:21,10
LF:13
LH:13
BRDA:4,0,0,10
BRDA:4,0,1,10
BRF:2
BRH:2
end_of_record
TN:
SF:src/models/message.model.ts
FNF:0
FNH:0
DA:1,1
DA:4,1
DA:11,1
LF:3
LH:3
BRF:0
BRH:0
end_of_record
TN:
SF:src/models/notification.model.ts
FNF:0
FNH:0
DA:1,1
DA:6,1
DA:8,1
DA:20,1
DA:22,1
LF:5
LH:5
BRF:0
BRH:0
end_of_record
TN:
SF:src/models/position.model.ts
FN:5,(anonymous_1)
FNF:1
FNH:1
FNDA:1,(anonymous_1)
DA:1,1
DA:3,1
DA:5,1
DA:6,1
DA:7,1
DA:8,1
DA:9,1
DA:10,1
DA:11,1
DA:12,1
DA:15,1
DA:28,1
DA:29,1
DA:31,1
LF:14
LH:14
BRDA:5,0,0,1
BRDA:5,0,1,1
BRF:2
BRH:2
end_of_record
TN:
SF:src/models/userAuth.model.ts
FN:6,(anonymous_1)
FNF:1
FNH:1
FNDA:3,(anonymous_1)
DA:1,3
DA:3,3
DA:4,3
DA:6,3
DA:7,3
DA:8,3
DA:9,3
DA:10,3
DA:13,3
DA:30,3
DA:69,3
DA:70,3
DA:72,3
LF:13
LH:13
BRDA:6,0,0,3
BRDA:6,0,1,3
BRF:2
BRH:2
end_of_record
TN:
SF:src/models/userVerification.model.ts
FNF:0
FNH:0
DA:1,1
DA:7,1
DA:18,1
LF:3
LH:3
BRF:0
BRH:0
end_of_record
