TN:
SF:src/controllers/bid.controller.ts
FN:15,(anonymous_7)
FN:15,(anonymous_8)
FN:46,(anonymous_9)
FN:46,(anonymous_10)
FNF:4
FNH:0
FNDA:0,(anonymous_7)
FNDA:0,(anonymous_8)
FNDA:0,(anonymous_9)
FNDA:0,(anonymous_10)
DA:1,0
DA:2,0
DA:3,0
DA:4,0
DA:5,0
DA:6,0
DA:7,0
DA:8,0
DA:9,0
DA:10,0
DA:11,0
DA:12,0
DA:14,0
DA:15,0
DA:16,0
DA:17,0
DA:21,0
DA:22,0
DA:28,0
DA:29,0
DA:39,0
DA:46,0
DA:47,0
DA:48,0
DA:49,0
DA:50,0
DA:54,0
DA:55,0
DA:56,0
DA:63,0
DA:86,0
DA:87,0
DA:94,0
DA:95,0
DA:111,0
DA:112,0
LF:36
LH:0
BRDA:18,0,0,0
BRDA:18,0,1,0
BRDA:18,1,0,0
BRDA:18,1,1,0
BRDA:21,2,0,0
BRDA:48,3,0,0
BRDA:55,4,0,0
BRDA:86,5,0,0
BRDA:104,6,0,0
BRDA:104,6,1,0
BRDA:106,7,0,0
BRDA:106,7,1,0
BRF:12
BRH:0
end_of_record
TN:
SF:src/controllers/department.controller.ts
FN:21,(anonymous_7)
FN:21,(anonymous_8)
FN:36,(anonymous_9)
FN:36,(anonymous_10)
FN:57,(anonymous_11)
FN:57,(anonymous_12)
FN:72,(anonymous_13)
FN:72,(anonymous_14)
FN:84,(anonymous_15)
FN:84,(anonymous_16)
FNF:10
FNH:0
FNDA:0,(anonymous_7)
FNDA:0,(anonymous_8)
FNDA:0,(anonymous_9)
FNDA:0,(anonymous_10)
FNDA:0,(anonymous_11)
FNDA:0,(anonymous_12)
FNDA:0,(anonymous_13)
FNDA:0,(anonymous_14)
FNDA:0,(anonymous_15)
FNDA:0,(anonymous_16)
DA:2,0
DA:3,0
DA:4,0
DA:10,0
DA:11,0
DA:13,0
DA:14,0
DA:16,0
DA:17,0
DA:20,0
DA:21,0
DA:22,0
DA:23,0
DA:24,0
DA:25,0
DA:26,0
DA:27,0
DA:28,0
DA:29,0
DA:36,0
DA:37,0
DA:38,0
DA:39,0
DA:40,0
DA:41,0
DA:42,0
DA:43,0
DA:46,0
DA:47,0
DA:50,0
DA:54,0
DA:57,0
DA:58,0
DA:59,0
DA:60,0
DA:63,0
DA:64,0
DA:65,0
DA:66,0
DA:72,0
DA:73,0
DA:74,0
DA:75,0
DA:76,0
DA:77,0
DA:83,0
DA:84,0
DA:85,0
DA:86,0
DA:87,0
DA:90,0
DA:96,0
DA:100,0
DA:109,0
DA:110,0
DA:117,0
DA:119,0
DA:124,0
DA:125,0
DA:130,0
DA:131,0
LF:61
LH:0
BRDA:28,0,0,0
BRDA:37,1,0,0
BRDA:37,2,0,0
BRDA:40,3,0,0
BRDA:46,4,0,0
BRDA:63,5,0,0
BRDA:65,6,0,0
BRDA:76,7,0,0
BRDA:90,8,0,0
BRDA:91,9,0,0
BRDA:91,9,1,0
BRDA:91,9,2,0
BRDA:91,9,3,0
BRDA:109,10,0,0
BRF:14
BRH:0
end_of_record
TN:
SF:src/controllers/gig.controller.ts
FN:27,(anonymous_8)
FN:27,(anonymous_9)
FN:74,(anonymous_10)
FN:74,(anonymous_11)
FN:175,(anonymous_12)
FN:175,(anonymous_13)
FN:192,(anonymous_14)
FN:192,(anonymous_15)
FN:238,(anonymous_16)
FN:238,(anonymous_17)
FN:277,(anonymous_18)
FN:277,(anonymous_19)
FN:369,(anonymous_20)
FN:369,(anonymous_21)
FNF:14
FNH:0
FNDA:0,(anonymous_8)
FNDA:0,(anonymous_9)
FNDA:0,(anonymous_10)
FNDA:0,(anonymous_11)
FNDA:0,(anonymous_12)
FNDA:0,(anonymous_13)
FNDA:0,(anonymous_14)
FNDA:0,(anonymous_15)
FNDA:0,(anonymous_16)
FNDA:0,(anonymous_17)
FNDA:0,(anonymous_18)
FNDA:0,(anonymous_19)
FNDA:0,(anonymous_20)
FNDA:0,(anonymous_21)
DA:1,0
DA:2,0
DA:3,0
DA:4,0
DA:5,0
DA:6,0
DA:7,0
DA:8,0
DA:9,0
DA:11,0
DA:12,0
DA:13,0
DA:14,0
DA:16,0
DA:17,0
DA:19,0
DA:20,0
DA:22,0
DA:24,0
DA:26,0
DA:27,0
DA:28,0
DA:29,0
DA:30,0
DA:31,0
DA:33,0
DA:35,0
DA:38,0
DA:40,0
DA:41,0
DA:43,0
DA:53,0
DA:55,0
DA:57,0
DA:58,0
DA:65,0
DA:67,0
DA:74,0
DA:81,0
DA:83,0
DA:84,0
DA:85,0
DA:86,0
DA:89,0
DA:91,0
DA:92,0
DA:95,0
DA:97,0
DA:98,0
DA:102,0
DA:107,0
DA:109,0
DA:156,0
DA:158,0
DA:159,0
DA:175,0
DA:176,0
DA:177,0
DA:178,0
DA:179,0
DA:185,0
DA:191,0
DA:192,0
DA:193,0
DA:194,0
DA:196,0
DA:197,0
DA:198,0
DA:199,0
DA:210,0
DA:223,0
DA:229,0
DA:238,0
DA:239,0
DA:240,0
DA:242,0
DA:243,0
DA:244,0
DA:245,0
DA:246,0
DA:247,0
DA:251,0
DA:256,0
DA:261,0
DA:262,0
DA:263,0
DA:268,0
DA:276,0
DA:277,0
DA:278,0
DA:285,0
DA:286,0
DA:288,0
DA:289,0
DA:290,0
DA:292,0
DA:293,0
DA:294,0
DA:302,0
DA:303,0
DA:304,0
DA:305,0
DA:307,0
DA:316,0
DA:317,0
DA:321,0
DA:328,0
DA:329,0
DA:330,0
DA:333,0
DA:346,0
DA:348,0
DA:361,0
DA:368,0
DA:369,0
DA:370,0
DA:371,0
DA:373,0
DA:378,0
DA:379,0
DA:380,0
DA:388,0
DA:400,0
DA:401,0
DA:402,0
DA:419,0
DA:432,0
DA:439,0
DA:440,0
DA:441,0
DA:442,0
DA:443,0
DA:444,0
DA:450,0
LF:134
LH:0
BRDA:29,0,0,0
BRDA:29,0,1,0
BRDA:29,1,0,0
BRDA:29,1,1,0
BRDA:40,2,0,0
BRDA:40,3,0,0
BRDA:40,3,1,0
BRDA:50,4,0,0
BRDA:50,4,1,0
BRDA:55,5,0,0
BRDA:57,6,0,0
BRDA:65,7,0,0
BRDA:79,8,0,0
BRDA:80,9,0,0
BRDA:85,10,0,0
BRDA:91,11,0,0
BRDA:97,12,0,0
BRDA:97,13,0,0
BRDA:97,13,1,0
BRDA:168,14,0,0
BRDA:168,14,1,0
BRDA:170,15,0,0
BRDA:170,15,1,0
BRDA:178,16,0,0
BRDA:198,17,0,0
BRDA:198,18,0,0
BRDA:198,18,1,0
BRDA:198,18,2,0
BRDA:239,19,0,0
BRDA:239,20,0,0
BRDA:239,21,0,0
BRDA:243,22,0,0
BRDA:243,22,1,0
BRDA:243,23,0,0
BRDA:243,23,1,0
BRDA:246,24,0,0
BRDA:246,25,0,0
BRDA:246,25,1,0
BRDA:262,26,0,0
BRDA:293,27,0,0
BRDA:303,28,0,0
BRDA:303,29,0,0
BRDA:303,29,1,0
BRDA:322,30,0,0
BRDA:322,30,1,0
BRDA:329,31,0,0
BRDA:341,32,0,0
BRDA:341,32,1,0
BRDA:379,33,0,0
BRDA:401,34,0,0
BRDA:407,35,0,0
BRDA:407,35,1,0
BRDA:407,36,0,0
BRDA:407,36,1,0
BRDA:407,37,0,0
BRDA:407,37,1,0
BRDA:408,38,0,0
BRDA:408,38,1,0
BRDA:408,39,0,0
BRDA:408,39,1,0
BRDA:408,40,0,0
BRDA:408,40,1,0
BRDA:410,41,0,0
BRDA:410,41,1,0
BRDA:410,42,0,0
BRDA:410,42,1,0
BRDA:411,43,0,0
BRDA:411,43,1,0
BRDA:412,44,0,0
BRDA:412,44,1,0
BRDA:412,45,0,0
BRDA:412,45,1,0
BRF:72
BRH:0
end_of_record
TN:
SF:src/controllers/login.controller.ts
FN:9,(anonymous_1)
FN:17,(anonymous_2)
FN:18,(anonymous_3)
FN:23,(anonymous_4)
FNF:4
FNH:0
FNDA:0,(anonymous_1)
FNDA:0,(anonymous_2)
FNDA:0,(anonymous_3)
FNDA:0,(anonymous_4)
DA:1,0
DA:2,0
DA:4,0
DA:6,0
DA:10,0
DA:17,0
DA:18,0
DA:19,0
DA:20,0
DA:23,0
DA:24,0
LF:11
LH:0
BRDA:19,0,0,0
BRF:1
BRH:0
end_of_record
TN:
SF:src/controllers/message.controller.ts
FN:10,(anonymous_7)
FN:10,(anonymous_8)
FNF:2
FNH:0
FNDA:0,(anonymous_7)
FNDA:0,(anonymous_8)
DA:1,0
DA:2,0
DA:3,0
DA:4,0
DA:6,0
DA:8,0
DA:10,0
DA:11,0
DA:12,0
DA:16,0
LF:10
LH:0
BRF:0
BRH:0
end_of_record
TN:
SF:src/controllers/notifications.controller.ts
FN:9,(anonymous_7)
FN:9,(anonymous_8)
FN:37,(anonymous_9)
FN:37,(anonymous_10)
FNF:4
FNH:0
FNDA:0,(anonymous_7)
FNDA:0,(anonymous_8)
FNDA:0,(anonymous_9)
FNDA:0,(anonymous_10)
DA:1,0
DA:2,0
DA:3,0
DA:4,0
DA:7,0
DA:9,0
DA:10,0
DA:11,0
DA:13,0
DA:14,0
DA:15,0
DA:24,0
DA:25,0
DA:31,0
DA:37,0
DA:38,0
DA:39,0
DA:42,0
DA:43,0
DA:49,0
DA:57,0
DA:58,0
DA:64,0
DA:72,0
DA:73,0
LF:25
LH:0
BRDA:10,0,0,0
BRDA:10,0,1,0
BRDA:10,1,0,0
BRDA:10,1,1,0
BRDA:10,2,0,0
BRDA:10,2,1,0
BRDA:10,3,0,0
BRDA:10,3,1,0
BRDA:11,4,0,0
BRDA:14,5,0,0
BRDA:24,6,0,0
BRDA:42,7,0,0
BRDA:42,8,0,0
BRDA:42,8,1,0
BRDA:57,9,0,0
BRF:15
BRH:0
end_of_record
TN:
SF:src/controllers/position.controller.ts
FN:21,(anonymous_8)
FN:21,(anonymous_9)
FN:38,(anonymous_10)
FN:38,(anonymous_11)
FN:117,(anonymous_12)
FN:117,(anonymous_13)
FN:132,(anonymous_14)
FN:132,(anonymous_15)
FNF:8
FNH:0
FNDA:0,(anonymous_8)
FNDA:0,(anonymous_9)
FNDA:0,(anonymous_10)
FNDA:0,(anonymous_11)
FNDA:0,(anonymous_12)
FNDA:0,(anonymous_13)
FNDA:0,(anonymous_14)
FNDA:0,(anonymous_15)
DA:2,0
DA:3,0
DA:4,0
DA:5,0
DA:10,0
DA:11,0
DA:12,0
DA:13,0
DA:14,0
DA:15,0
DA:16,0
DA:20,0
DA:21,0
DA:22,0
DA:23,0
DA:24,0
DA:25,0
DA:26,0
DA:28,0
DA:29,0
DA:30,0
DA:31,0
DA:38,0
DA:39,0
DA:40,0
DA:41,0
DA:43,0
DA:44,0
DA:45,0
DA:46,0
DA:48,0
DA:49,0
DA:52,0
DA:55,0
DA:56,0
DA:60,0
DA:66,0
DA:99,0
DA:101,0
DA:117,0
DA:118,0
DA:119,0
DA:120,0
DA:123,0
DA:124,0
DA:125,0
DA:126,0
DA:132,0
DA:133,0
DA:134,0
DA:135,0
DA:136,0
DA:137,0
DA:143,0
DA:145,0
DA:150,0
DA:151,0
DA:156,0
LF:58
LH:0
BRDA:22,0,0,0
BRDA:25,1,0,0
BRDA:30,2,0,0
BRDA:39,3,0,0
BRDA:43,4,0,0
BRDA:48,5,0,0
BRDA:55,6,0,0
BRDA:110,7,0,0
BRDA:110,7,1,0
BRDA:112,8,0,0
BRDA:112,8,1,0
BRDA:123,9,0,0
BRDA:125,10,0,0
BRDA:136,11,0,0
BRF:14
BRH:0
end_of_record
TN:
SF:src/controllers/request.controller.ts
FN:14,(anonymous_7)
FN:14,(anonymous_8)
FN:32,(anonymous_9)
FN:32,(anonymous_10)
FN:48,(anonymous_11)
FN:48,(anonymous_12)
FNF:6
FNH:0
FNDA:0,(anonymous_7)
FNDA:0,(anonymous_8)
FNDA:0,(anonymous_9)
FNDA:0,(anonymous_10)
FNDA:0,(anonymous_11)
FNDA:0,(anonymous_12)
DA:1,0
DA:2,0
DA:3,0
DA:4,0
DA:5,0
DA:6,0
DA:7,0
DA:8,0
DA:9,0
DA:11,0
DA:13,0
DA:14,0
DA:15,0
DA:16,0
DA:17,0
DA:18,0
DA:25,0
DA:32,0
DA:33,0
DA:34,0
DA:42,0
DA:48,0
DA:49,0
DA:50,0
DA:58,0
DA:64,0
DA:70,0
DA:71,0
LF:28
LH:0
BRDA:20,0,0,0
BRDA:20,0,1,0
BRDA:20,1,0,0
BRDA:20,1,1,0
BRDA:33,2,0,0
BRDA:35,3,0,0
BRDA:35,3,1,0
BRDA:35,4,0,0
BRDA:35,4,1,0
BRDA:49,5,0,0
BRDA:51,6,0,0
BRDA:51,6,1,0
BRDA:51,7,0,0
BRDA:51,7,1,0
BRF:14
BRH:0
end_of_record
TN:
SF:src/controllers/user.controller.ts
FN:32,(anonymous_9)
FN:32,(anonymous_10)
FN:42,(anonymous_11)
FN:42,(anonymous_12)
FN:73,(anonymous_13)
FN:100,(anonymous_14)
FN:111,(anonymous_15)
FN:111,(anonymous_16)
FN:117,(anonymous_17)
FN:117,(anonymous_18)
FN:138,(anonymous_19)
FN:138,(anonymous_20)
FN:160,(anonymous_21)
FN:160,(anonymous_22)
FN:197,(anonymous_23)
FN:197,(anonymous_24)
FN:210,(anonymous_25)
FN:210,(anonymous_26)
FN:223,(anonymous_27)
FN:223,(anonymous_28)
FN:250,(anonymous_29)
FN:250,(anonymous_30)
FN:260,(anonymous_31)
FN:260,(anonymous_32)
FN:310,(anonymous_33)
FN:310,(anonymous_34)
FN:374,(anonymous_35)
FN:374,(anonymous_36)
FN:420,(anonymous_37)
FN:420,(anonymous_38)
FNF:30
FNH:0
FNDA:0,(anonymous_9)
FNDA:0,(anonymous_10)
FNDA:0,(anonymous_11)
FNDA:0,(anonymous_12)
FNDA:0,(anonymous_13)
FNDA:0,(anonymous_14)
FNDA:0,(anonymous_15)
FNDA:0,(anonymous_16)
FNDA:0,(anonymous_17)
FNDA:0,(anonymous_18)
FNDA:0,(anonymous_19)
FNDA:0,(anonymous_20)
FNDA:0,(anonymous_21)
FNDA:0,(anonymous_22)
FNDA:0,(anonymous_23)
FNDA:0,(anonymous_24)
FNDA:0,(anonymous_25)
FNDA:0,(anonymous_26)
FNDA:0,(anonymous_27)
FNDA:0,(anonymous_28)
FNDA:0,(anonymous_29)
FNDA:0,(anonymous_30)
FNDA:0,(anonymous_31)
FNDA:0,(anonymous_32)
FNDA:0,(anonymous_33)
FNDA:0,(anonymous_34)
FNDA:0,(anonymous_35)
FNDA:0,(anonymous_36)
FNDA:0,(anonymous_37)
FNDA:0,(anonymous_38)
DA:2,0
DA:4,0
DA:10,0
DA:11,0
DA:12,0
DA:13,0
DA:14,0
DA:15,0
DA:16,0
DA:17,0
DA:18,0
DA:19,0
DA:20,0
DA:21,0
DA:22,0
DA:23,0
DA:25,0
DA:31,0
DA:32,0
DA:33,0
DA:39,0
DA:41,0
DA:42,0
DA:43,0
DA:44,0
DA:51,0
DA:55,0
DA:57,0
DA:58,0
DA:62,0
DA:67,0
DA:68,0
DA:69,0
DA:70,0
DA:72,0
DA:73,0
DA:74,0
DA:75,0
DA:79,0
DA:85,0
DA:96,0
DA:98,0
DA:100,0
DA:101,0
DA:104,0
DA:111,0
DA:112,0
DA:113,0
DA:114,0
DA:115,0
DA:116,0
DA:117,0
DA:118,0
DA:119,0
DA:120,0
DA:123,0
DA:132,0
DA:138,0
DA:139,0
DA:140,0
DA:141,0
DA:142,0
DA:143,0
DA:144,0
DA:145,0
DA:148,0
DA:150,0
DA:154,0
DA:160,0
DA:161,0
DA:162,0
DA:163,0
DA:164,0
DA:165,0
DA:166,0
DA:167,0
DA:170,0
DA:172,0
DA:191,0
DA:197,0
DA:198,0
DA:199,0
DA:200,0
DA:201,0
DA:202,0
DA:203,0
DA:204,0
DA:210,0
DA:211,0
DA:213,0
DA:214,0
DA:215,0
DA:216,0
DA:222,0
DA:223,0
DA:224,0
DA:225,0
DA:226,0
DA:233,0
DA:234,0
DA:235,0
DA:239,0
DA:240,0
DA:250,0
DA:251,0
DA:252,0
DA:253,0
DA:254,0
DA:260,0
DA:261,0
DA:262,0
DA:263,0
DA:279,0
DA:281,0
DA:304,0
DA:305,0
DA:310,0
DA:311,0
DA:312,0
DA:313,0
DA:314,0
DA:316,0
DA:317,0
DA:318,0
DA:324,0
DA:325,0
DA:328,0
DA:330,0
DA:331,0
DA:334,0
DA:336,0
DA:337,0
DA:341,0
DA:349,0
DA:350,0
DA:351,0
DA:355,0
DA:356,0
DA:357,0
DA:362,0
DA:368,0
DA:374,0
DA:375,0
DA:376,0
DA:378,0
DA:381,0
DA:382,0
DA:389,0
DA:390,0
DA:397,0
DA:398,0
DA:399,0
DA:407,0
DA:414,0
DA:420,0
DA:421,0
DA:422,0
DA:424,0
DA:425,0
DA:430,0
DA:431,0
DA:437,0
DA:443,0
DA:445,0
DA:446,0
DA:451,0
DA:452,0
DA:453,0
DA:454,0
DA:455,0
DA:456,0
DA:457,0
DA:462,0
DA:463,0
DA:464,0
LF:175
LH:0
BRDA:57,0,0,0
BRDA:57,1,0,0
BRDA:57,1,1,0
BRDA:57,1,2,0
BRDA:67,2,0,0
BRDA:72,3,0,0
BRDA:75,4,0,0
BRDA:75,5,0,0
BRDA:75,5,1,0
BRDA:114,6,0,0
BRDA:116,7,0,0
BRDA:119,8,0,0
BRDA:119,8,1,0
BRDA:119,9,0,0
BRDA:119,9,1,0
BRDA:120,10,0,0
BRDA:120,11,0,0
BRDA:120,11,1,0
BRDA:139,12,0,0
BRDA:139,13,0,0
BRDA:142,14,0,0
BRDA:148,15,0,0
BRDA:161,16,0,0
BRDA:161,17,0,0
BRDA:164,18,0,0
BRDA:170,19,0,0
BRDA:201,20,0,0
BRDA:203,21,0,0
BRDA:215,22,0,0
BRDA:225,23,0,0
BRDA:225,24,0,0
BRDA:225,24,1,0
BRDA:228,25,0,0
BRDA:228,25,1,0
BRDA:228,26,0,0
BRDA:228,26,1,0
BRDA:233,27,0,0
BRDA:251,28,0,0
BRDA:251,28,1,0
BRDA:251,29,0,0
BRDA:251,29,1,0
BRDA:253,30,0,0
BRDA:261,31,0,0
BRDA:261,31,1,0
BRDA:261,32,0,0
BRDA:261,32,1,0
BRDA:263,33,0,0
BRDA:265,34,0,0
BRDA:266,35,0,0
BRDA:267,36,0,0
BRDA:268,37,0,0
BRDA:269,38,0,0
BRDA:270,39,0,0
BRDA:271,40,0,0
BRDA:272,41,0,0
BRDA:273,42,0,0
BRDA:274,43,0,0
BRDA:275,44,0,0
BRDA:276,45,0,0
BRDA:277,46,0,0
BRDA:278,47,0,0
BRDA:282,48,0,0
BRDA:282,48,1,0
BRDA:282,49,0,0
BRDA:282,49,1,0
BRDA:285,50,0,0
BRDA:285,50,1,0
BRDA:286,51,0,0
BRDA:286,51,1,0
BRDA:287,52,0,0
BRDA:287,52,1,0
BRDA:288,53,0,0
BRDA:288,53,1,0
BRDA:289,54,0,0
BRDA:289,54,1,0
BRDA:290,55,0,0
BRDA:290,55,1,0
BRDA:291,56,0,0
BRDA:291,56,1,0
BRDA:292,57,0,0
BRDA:292,57,1,0
BRDA:293,58,0,0
BRDA:293,58,1,0
BRDA:294,59,0,0
BRDA:294,59,1,0
BRDA:295,60,0,0
BRDA:295,60,1,0
BRDA:296,61,0,0
BRDA:296,61,1,0
BRDA:298,62,0,0
BRDA:298,62,1,0
BRDA:299,63,0,0
BRDA:299,63,1,0
BRDA:304,64,0,0
BRDA:311,65,0,0
BRDA:311,66,0,0
BRDA:313,67,0,0
BRDA:313,67,1,0
BRDA:313,68,0,0
BRDA:313,68,1,0
BRDA:317,69,0,0
BRDA:324,70,0,0
BRDA:330,71,0,0
BRDA:336,72,0,0
BRDA:349,73,0,0
BRDA:349,73,1,0
BRDA:355,74,0,0
BRDA:355,74,1,0
BRDA:355,75,0,0
BRDA:355,75,1,0
BRDA:381,76,0,0
BRDA:389,77,0,0
BRDA:421,78,0,0
BRDA:421,78,1,0
BRDA:421,79,0,0
BRDA:421,79,1,0
BRDA:422,80,0,0
BRDA:430,81,0,0
BRF:118
BRH:0
end_of_record
TN:
SF:src/controllers/userVerify.controller.ts
FN:24,(anonymous_7)
FN:24,(anonymous_8)
FN:55,(anonymous_9)
FN:55,(anonymous_10)
FN:75,(anonymous_11)
FN:75,(anonymous_12)
FNF:6
FNH:0
FNDA:0,(anonymous_7)
FNDA:0,(anonymous_8)
FNDA:0,(anonymous_9)
FNDA:0,(anonymous_10)
FNDA:0,(anonymous_11)
FNDA:0,(anonymous_12)
DA:1,0
DA:2,0
DA:3,0
DA:8,0
DA:9,0
DA:10,0
DA:11,0
DA:12,0
DA:16,0
DA:17,0
DA:18,0
DA:20,0
DA:22,0
DA:24,0
DA:25,0
DA:27,0
DA:28,0
DA:29,0
DA:34,0
DA:35,0
DA:36,0
DA:37,0
DA:41,0
DA:42,0
DA:43,0
DA:44,0
DA:46,0
DA:53,0
DA:55,0
DA:56,0
DA:57,0
DA:59,0
DA:60,0
DA:62,0
DA:73,0
DA:75,0
DA:76,0
DA:77,0
DA:78,0
DA:79,0
DA:80,0
DA:81,0
DA:84,0
DA:85,0
DA:89,0
DA:90,0
DA:91,0
DA:92,0
DA:93,0
DA:98,0
DA:99,0
DA:100,0
DA:101,0
DA:102,0
LF:54
LH:0
BRDA:28,0,0,0
BRDA:34,1,0,0
BRDA:36,2,0,0
BRDA:41,3,0,0
BRDA:60,4,0,0
BRDA:79,5,0,0
BRDA:84,6,0,0
BRDA:89,7,0,0
BRDA:91,8,0,0
BRDA:98,9,0,0
BRF:10
BRH:0
end_of_record
TN:
SF:src/controllers/util.controller.ts
FN:21,(anonymous_8)
FN:21,(anonymous_9)
FN:28,(anonymous_10)
FN:28,(anonymous_11)
FNF:4
FNH:0
FNDA:0,(anonymous_8)
FNDA:0,(anonymous_9)
FNDA:0,(anonymous_10)
FNDA:0,(anonymous_11)
DA:1,0
DA:2,0
DA:3,0
DA:4,0
DA:5,0
DA:6,0
DA:7,0
DA:8,0
DA:9,0
DA:10,0
DA:11,0
DA:13,0
DA:21,0
DA:22,0
DA:28,0
DA:29,0
DA:37,0
DA:39,0
DA:40,0
DA:41,0
DA:44,0
DA:50,0
DA:54,0
DA:60,0
DA:61,0
DA:62,0
DA:71,0
DA:79,0
DA:80,0
LF:29
LH:0
BRDA:37,0,0,0
BRDA:37,0,1,0
BRDA:37,1,0,0
BRDA:37,1,1,0
BRDA:40,2,0,0
BRDA:40,2,1,0
BRDA:41,3,0,0
BRDA:61,4,0,0
BRDA:61,4,1,0
BRF:9
BRH:0
end_of_record
